e:\gitrepository\imageexpert\imageexpert_qt\x64\release\mainwindow.obj
e:\gitrepository\imageexpert\imageexpert_qt\x64\release\moc_mainwindow.obj
e:\gitrepository\imageexpert\imageexpert_qt\x64\release\moc_cimagelabel.obj
e:\gitrepository\imageexpert\imageexpert_qt\x64\release\moc_fileassistant.obj
e:\gitrepository\imageexpert\imageexpert_qt\x64\release\fileassistant.obj
e:\gitrepository\imageexpert\imageexpert_qt\x64\release\systemconfigs.obj
e:\gitrepository\imageexpert\imageexpert_qt\x64\release\main.obj
e:\gitrepository\imageexpert\imageexpert_qt\x64\release\cimageprocessing.obj
e:\gitrepository\imageexpert\imageexpert_qt\x64\release\cimagelabel.obj
e:\gitrepository\imageexpert\imageexpert_qt\x64\release\qrc_resource.obj
e:\gitrepository\imageexpert\imageexpert_qt\release\moc_predefs.h
e:\gitrepository\imageexpert\imageexpert_qt\release\moc_fileassistant.cpp
e:\gitrepository\imageexpert\imageexpert_qt\release\moc_cimagelabel.cpp
e:\gitrepository\imageexpert\imageexpert_qt\release\moc_mainwindow.cpp
e:\gitrepository\imageexpert\imageexpert_qt\generatedfiles\ui_fileassistant.h
e:\gitrepository\imageexpert\imageexpert_qt\generatedfiles\ui_mainwindow.h
e:\gitrepository\imageexpert\imageexpert_qt\generatedfiles\qrc_resource.cpp
e:\gitrepository\imageexpert\imageexpert_qt\release\imageexpert.exe
e:\gitrepository\imageexpert\imageexpert_qt\x64\release\imageexpert_qt.tlog\cl.command.1.tlog
e:\gitrepository\imageexpert\imageexpert_qt\x64\release\imageexpert_qt.tlog\cl.read.1.tlog
e:\gitrepository\imageexpert\imageexpert_qt\x64\release\imageexpert_qt.tlog\cl.write.1.tlog
e:\gitrepository\imageexpert\imageexpert_qt\x64\release\imageexpert_qt.tlog\custombuild.command.1.tlog
e:\gitrepository\imageexpert\imageexpert_qt\x64\release\imageexpert_qt.tlog\custombuild.read.1.tlog
e:\gitrepository\imageexpert\imageexpert_qt\x64\release\imageexpert_qt.tlog\custombuild.write.1.tlog
e:\gitrepository\imageexpert\imageexpert_qt\x64\release\imageexpert_qt.tlog\link.command.1.tlog
e:\gitrepository\imageexpert\imageexpert_qt\x64\release\imageexpert_qt.tlog\link.read.1.tlog
e:\gitrepository\imageexpert\imageexpert_qt\x64\release\imageexpert_qt.tlog\link.write.1.tlog
