e:\gitrepository\imageexpert\imageexpert_qt\x64\debug\vc140.pdb
e:\gitrepository\imageexpert\imageexpert_qt\x64\debug\systemconfigs.obj
e:\gitrepository\imageexpert\imageexpert_qt\x64\debug\mainwindow.obj
e:\gitrepository\imageexpert\imageexpert_qt\x64\debug\main.obj
e:\gitrepository\imageexpert\imageexpert_qt\x64\debug\cimageprocessing.obj
e:\gitrepository\imageexpert\imageexpert_qt\x64\debug\cimagelabel.obj
e:\gitrepository\imageexpert\imageexpert_qt\x64\debug\fileassistant.obj
e:\gitrepository\imageexpert\imageexpert_qt\x64\debug\moc_mainwindow.obj
e:\gitrepository\imageexpert\imageexpert_qt\x64\debug\moc_fileassistant.obj
e:\gitrepository\imageexpert\imageexpert_qt\x64\debug\moc_cimagelabel.obj
e:\gitrepository\imageexpert\imageexpert_qt\x64\debug\qrc_resource.obj
e:\gitrepository\imageexpert\imageexpert_qt\debug\moc_fileassistant.cpp
e:\gitrepository\imageexpert\imageexpert_qt\debug\moc_cimagelabel.cpp
e:\gitrepository\imageexpert\imageexpert_qt\debug\moc_mainwindow.cpp
e:\gitrepository\imageexpert\imageexpert_qt\generatedfiles\ui_fileassistant.h
e:\gitrepository\imageexpert\imageexpert_qt\generatedfiles\ui_mainwindow.h
e:\gitrepository\imageexpert\imageexpert_qt\generatedfiles\qrc_resource.cpp
e:\gitrepository\imageexpert\imageexpert_qt\debug\imageexpert.ilk
e:\gitrepository\imageexpert\imageexpert_qt\debug\imageexpert.exe
e:\gitrepository\imageexpert\imageexpert_qt\debug\imageexpert.pdb
f:\gitrepository\imageexpert\imageexpert_qt\x64\debug\cimagelabel.obj
f:\gitrepository\imageexpert\imageexpert_qt\x64\debug\cimageprocessing.obj
f:\gitrepository\imageexpert\imageexpert_qt\x64\debug\fileassistant.obj
f:\gitrepository\imageexpert\imageexpert_qt\x64\debug\main.obj
f:\gitrepository\imageexpert\imageexpert_qt\x64\debug\mainwindow.obj
f:\gitrepository\imageexpert\imageexpert_qt\x64\debug\moc_cimagelabel.obj
f:\gitrepository\imageexpert\imageexpert_qt\x64\debug\moc_fileassistant.obj
f:\gitrepository\imageexpert\imageexpert_qt\x64\debug\moc_mainwindow.obj
f:\gitrepository\imageexpert\imageexpert_qt\x64\debug\qrc_resource.obj
f:\gitrepository\imageexpert\imageexpert_qt\x64\debug\systemconfigs.obj
f:\gitrepository\imageexpert\imageexpert_qt\x64\debug\vc140.pdb
f:\gitrepository\imageexpert\imageexpert_qt\debug\imageexpert.exe
f:\gitrepository\imageexpert\imageexpert_qt\x64\debug\imageexpert_qt.tlog\cl.command.1.tlog
f:\gitrepository\imageexpert\imageexpert_qt\x64\debug\imageexpert_qt.tlog\cl.read.1.tlog
f:\gitrepository\imageexpert\imageexpert_qt\x64\debug\imageexpert_qt.tlog\cl.write.1.tlog
f:\gitrepository\imageexpert\imageexpert_qt\x64\debug\imageexpert_qt.tlog\custombuild.command.1.tlog
f:\gitrepository\imageexpert\imageexpert_qt\x64\debug\imageexpert_qt.tlog\custombuild.read.1.tlog
f:\gitrepository\imageexpert\imageexpert_qt\x64\debug\imageexpert_qt.tlog\custombuild.write.1.tlog
f:\gitrepository\imageexpert\imageexpert_qt\x64\debug\imageexpert_qt.tlog\link.command.1.tlog
f:\gitrepository\imageexpert\imageexpert_qt\x64\debug\imageexpert_qt.tlog\link.read.1.tlog
f:\gitrepository\imageexpert\imageexpert_qt\x64\debug\imageexpert_qt.tlog\link.write.1.tlog
